<?xml version="1.0" encoding="UTF-8"?>
<testsuite name="pl.taw.api.controller.rest.VisitRestControllerTest" tests="8" skipped="0" failures="0" errors="0" timestamp="2023-06-18T18:25:18" hostname="tomasz-H110M-S2H" time="0.467">
  <properties/>
  <testcase name="shouldReturnNotFoundWhenTryToDeleteNonExistingVisit()" classname="pl.taw.api.controller.rest.VisitRestControllerTest" time="0.445"/>
  <testcase name="shouldUpdateVisitAndReturnUpdateVisit()" classname="pl.taw.api.controller.rest.VisitRestControllerTest" time="0.003"/>
  <testcase name="shouldReturnNotFoundWhenTryToUpdateNonExistingVisit()" classname="pl.taw.api.controller.rest.VisitRestControllerTest" time="0.002"/>
  <testcase name="shouldReturnNotFoundWhenVisitNonExist()" classname="pl.taw.api.controller.rest.VisitRestControllerTest" time="0.003"/>
  <testcase name="shouldCreateVisitAndReturnStatusCreated()" classname="pl.taw.api.controller.rest.VisitRestControllerTest" time="0.002"/>
  <testcase name="shouldDeleteExistingVisitAndReturnNoContent()" classname="pl.taw.api.controller.rest.VisitRestControllerTest" time="0.002"/>
  <testcase name="shouldReturnExistingVisit()" classname="pl.taw.api.controller.rest.VisitRestControllerTest" time="0.001"/>
  <testcase name="shouldReturnsListOfVisits()" classname="pl.taw.api.controller.rest.VisitRestControllerTest" time="0.001"/>
  <system-out><![CDATA[]]></system-out>
  <system-err><![CDATA[]]></system-err>
</testsuite>
